<?xml version="1.0" encoding="UTF-8"?>
<testng-results ignored="0" total="1" passed="1" failed="0" skipped="0">
  <reporter-output>
  </reporter-output>
  <suite started-at="2022-03-30T12:56:13Z" name="Default suite" finished-at="2022-03-30T13:03:55Z" duration-ms="461917">
    <groups>
    </groups>
    <test started-at="2022-03-30T12:56:13Z" name="Default test" finished-at="2022-03-30T13:03:55Z" duration-ms="461917">
      <class name="appwrk.BrokenLinksTest">
        <test-method signature="test1()[pri:0, instance:appwrk.BrokenLinksTest@7c137fd5]" started-at="2022-03-30T12:56:13Z" name="test1" finished-at="2022-03-30T13:03:55Z" duration-ms="461860" status="PASS">
          <reporter-output>
          </reporter-output>
        </test-method> <!-- test1 -->
      </class> <!-- appwrk.BrokenLinksTest -->
    </test> <!-- Default test -->
  </suite> <!-- Default suite -->
</testng-results>
